<?xml version="1.0" encoding="UTF-8"?>
<!-- Generated by org.testng.reporters.JUnitXMLReporter -->
<testsuite ignored="2" hostname="DESKTOP-Q15J7MR" failures="0" tests="2" name="Test" time="38.843" errors="0" timestamp="2025-08-12T06:10:18 BDT">
  <testcase classname="TestCases.SignUp" name="NewUserSignUp" time="12.108"/>
  <testcase classname="TestCases.DashbordOperation" name="DashbordOperate" time="26.546"/>
  <testcase classname="Browser.BrowserSetup" name="@BeforeSuite setBrowser" time="0.0">
    <ignored/>
  </testcase> <!-- @BeforeSuite setBrowser -->
  <testcase classname="Browser.BrowserSetup" name="@AfterSuite quitBrowser" time="0.0">
    <ignored/>
  </testcase> <!-- @AfterSuite quitBrowser -->
</testsuite> <!-- Test -->
