<?xml version="1.0" encoding="UTF-8"?>
<testng-results ignored="2" total="4" passed="2" failed="0" skipped="0">
  <reporter-output>
  </reporter-output>
  <suite started-at="2025-08-12T06:09:40 BDT" name="Suite" finished-at="2025-08-12T06:10:18 BDT" duration-ms="38843">
    <groups>
    </groups>
    <test started-at="2025-08-12T06:09:40 BDT" name="Test" finished-at="2025-08-12T06:10:18 BDT" duration-ms="38843">
      <class name="TestCases.DashbordOperation">
        <test-method signature="DashbordOperate()[pri:0, instance:TestCases.DashbordOperation@7dfd3c81]" started-at="2025-08-12T06:09:52 BDT" name="DashbordOperate" description="Scenario 3: Verify Successful login
Scenario 4: Verify user can create a Bord
Scenario 5: Verify user can make list
Scenario 6: Verify user can delete list
Scenario 7: Verify user can delete bord
Scenario 8: Verify user can log out" finished-at="2025-08-12T06:10:18 BDT" duration-ms="26546" status="PASS">
          <reporter-output>
          </reporter-output>
        </test-method> <!-- DashbordOperate -->
      </class> <!-- TestCases.DashbordOperation -->
      <class name="TestCases.SignUp">
        <test-method is-config="true" signature="setBrowser()[pri:0, instance:TestCases.SignUp@387a8303]" started-at="2025-08-12T06:09:37 BDT" name="setBrowser" finished-at="2025-08-12T06:09:40 BDT" duration-ms="2328" status="PASS">
          <reporter-output>
          </reporter-output>
        </test-method> <!-- setBrowser -->
        <test-method signature="NewUserSignUp()[pri:0, instance:TestCases.SignUp@387a8303]" started-at="2025-08-12T06:09:40 BDT" name="NewUserSignUp" description="Sceanrio 1,2: Verify a new user account is created successfully" finished-at="2025-08-12T06:09:52 BDT" duration-ms="12108" status="PASS">
          <reporter-output>
          </reporter-output>
        </test-method> <!-- NewUserSignUp -->
        <test-method is-config="true" signature="quitBrowser()[pri:0, instance:TestCases.SignUp@387a8303]" started-at="2025-08-12T06:10:18 BDT" name="quitBrowser" finished-at="2025-08-12T06:10:19 BDT" duration-ms="273" status="PASS">
          <reporter-output>
          </reporter-output>
        </test-method> <!-- quitBrowser -->
      </class> <!-- TestCases.SignUp -->
    </test> <!-- Test -->
  </suite> <!-- Suite -->
</testng-results>
